<?xml version="1.0" encoding="UTF-8"?>
<!-- Generated by org.testng.reporters.JUnitReportReporter -->
<testsuite hostname="DESKTOP-HCKMB1S" failures="0" tests="1" name="ATS.SeleniumTrainings.CS008_Frames" time="19.689" errors="0" timestamp="2022-07-08T14:44:12 IST" skipped="0">
  <testcase classname="ATS.SeleniumTrainings.CS008_Frames" name="DragAndDrop" time="19.689"/>
  <system-out/>
</testsuite> <!-- ATS.SeleniumTrainings.CS008_Frames -->
